{"/Users/lizhihang/code/react-component-test-demo/Input/Input.js": {"path":"/Users/lizhihang/code/react-component-test-demo/Input/Input.js","statementMap":{"0":{"start":{"line":9,"column":8},"end":{"line":11,"column":10}},"1":{"start":{"line":15,"column":26},"end":{"line":15,"column":36}},"2":{"start":{"line":16,"column":8},"end":{"line":20,"column":9}}},"fnMap":{"0":{"name":"(anonymous_0)","decl":{"start":{"line":8,"column":24},"end":{"line":8,"column":25}},"loc":{"start":{"line":8,"column":29},"end":{"line":12,"column":5}},"line":8},"1":{"name":"(anonymous_1)","decl":{"start":{"line":14,"column":4},"end":{"line":14,"column":5}},"loc":{"start":{"line":14,"column":13},"end":{"line":21,"column":5}},"line":14}},"branchMap":{},"s":{"0":0,"1":1,"2":1},"f":{"0":0,"1":1},"b":{},"_coverageSchema":"43e27e138ebf9cfc5966b082cf9a028302ed4184","hash":"4203182ef8eca97835adc433720b924799f69648"}
}
